[2025-07-20 15:39:19.888] [DISPLAY] [Main ] [launcher] Opening log file.
[2025-07-20 15:39:19.888] [WARNING] [Main ] [launcher] Unable to move log file, waiting and trying again...
[2025-07-20 15:39:20.390] [WARNING] [Main ] [launcher] Unable to move log file, waiting and trying again...
[2025-07-20 15:39:20.891] [WARNING] [Main ] [launcher] Couldn't move logfile C:\Users\aluca\OneDrive\Documentos\Rockstar Games\Launcher\launcher.log!
[2025-07-20 15:39:20.892] [DISPLAY] [Main ] [startupinfo] Command line: "C:\Program Files\Rockstar Games\Launcher\Launcher.exe" -skipPatcherCheck -epicAppId=gta5_gen9  -rlrosdomainenv=prod @args.txt
[2025-07-20 15:39:20.893] [DISPLAY] [Main ] [fileutils] Checking version: C:\Program Files\Rockstar Games\Launcher\Launcher.exe
[2025-07-20 15:39:20.894] [DISPLAY] [Main ] [startupinfo] P4 Version: Change 54189093
[2025-07-20 15:39:20.894] [DISPLAY] [Main ] [startupinfo] RGL Branch: release_03
[2025-07-20 15:39:20.894] [DISPLAY] [Main ] [startupinfo] Version:    1.0.103.2507
[2025-07-20 15:39:20.894] [DISPLAY] [Main ] [startupinfo] Parameters:
[2025-07-20 15:39:20.894] [DISPLAY] [Main ] [startupinfo]     C:\Program Files\Rockstar Games\Launcher\Launcher.exe
[2025-07-20 15:39:20.894] [DISPLAY] [Main ] [startupinfo]     -skipPatcherCheck
[2025-07-20 15:39:20.894] [DISPLAY] [Main ] [startupinfo]     -epicAppId=gta5_gen9
[2025-07-20 15:39:20.894] [DISPLAY] [Main ] [startupinfo]     -rlrosdomainenv=prod
[2025-07-20 15:39:20.894] [DISPLAY] [Main ] [startupinfo]     @args.txt
[2025-07-20 15:39:20.894] [DISPLAY] [Main ] [startup] Initial Working Directory: D:\GTA V\GTAVEnhanced
[2025-07-20 15:39:20.894] [DISPLAY] [Main ] [startup] Working directory: C:\Program Files\Rockstar Games\Launcher
[2025-07-20 15:39:20.896] [DISPLAY] [Main ] [packfile] Initialize 'Launcher.rpf' - succeeded
[2025-07-20 15:39:20.896] [DISPLAY] [Main ] [localisation] Language updated to: 11
[2025-07-20 15:39:20.962] [DISPLAY] [Main ] [external] Creating epic min mode launch
[2025-07-20 15:39:20.962] [DISPLAY] [Main ] [external] Epic App Id: gta5_gen9
[2025-07-20 15:39:20.962] [DISPLAY] [Main ] [external] Epic Location: D:\GTA V\GTAVEnhanced
[2025-07-20 15:39:20.962] [DISPLAY] [Main ] [external] Epic Relaunch: false
[2025-07-20 15:39:20.975] [DISPLAY] [Main ] [external] Epic Games Launcher not detected as parent process.
[2025-07-20 15:39:20.976] [DISPLAY] [Main ] [metadatamanager] Read external Epic metadata: gta5_gen9
[2025-07-20 15:39:20.976] [DISPLAY] [Main ] [startup] Relaunch from third party platform required
[2025-07-20 15:39:20.976] [DISPLAY] [Main ] [launcher] Launching epic title: 8769e24080ea413b8ebca3f1b8c50951
[2025-07-20 15:40:44.103] [DISPLAY] [Main ] [startup] Shutting down to request third-party min-mode launch
[2025-07-20 15:40:44.103] [DISPLAY] [Main ] [environment] SetEnvironment: prod
